


ARM Macro Assembler    Page 1 


    1 00000000                 AREA             RESET, DATA, READONLY
    2 00000000                 EXPORT           __Vectors
    3 00000000         __Vectors
    4 00000000 10001000        DCD              0X10001000
    5 00000004 00000000        DCD              Reset_Handler
    6 00000008         
    7 00000008                 AREA             mycode, CODE, READONLY
    8 00000000                 ENTRY
    9 00000000                 EXPORT           Reset_Handler
   10 00000000         
   11 00000000         Reset_Handler
   12 00000000 4818            LDR              R0, =num1
   13 00000002 4B19            LDR              R3, =res
   14 00000004 6800            LDR              R0, [R0]
   15 00000006 F04F 0400       MOV              R4, #00
   16 0000000A F04F 0100       MOV              R1, #00
   17 0000000E         
   18 0000000E         BACK
   19 0000000E FB04 F104       MUL              R1, R4, R4  ; square
   20 00000012 1852            ADDS             R2, R2, R1  ; add to prev sum 
   21 00000014 F104 0401       ADD              R4, #01     ; inc R1
   22 00000018 F04F 0100       MOV              R1, #00
   23 0000001C EA94 0F00       TEQ              R4, R0
   24 00000020 D1F5            BNE              BACK
   25 00000022 4614            MOV              R4, R2
   26 00000024         UP
   27 00000024 F004 060F       AND              R6, R4, #0X0000000F
   28 00000028 EB18 0806       ADDS             R8, R6
   29 0000002C 44C8            ADD              R8, R8, R9
   30 0000002E F04F 0900       MOV              R9, #00
   31 00000032 F1B8 0F09       CMP              R8, #09
   32 00000036 D905            BLS              SKIP
   33 00000038         
   34 00000038 F108 0806       ADD              R8, #06
   35 0000003C F04F 0901       MOV              R9, #01
   36 00000040 F008 080F       AND              R8, #0X0000000F
   37 00000044         SKIP
   38 00000044 44C3            ADD              R11, R11, R8
   39 00000046 EA4F 1414       LSR              R4, #04
   40 0000004A EA4F 1B3B       ROR              R11, #04
   41 0000004E F094 0F00       TEQ              R4, #00
   42 00000052 D1E7            BNE              UP
   43 00000054 F843 BB04       STR              R11, [R3],#04
   44 00000058 F8C3 9000       STR              R9, [R3]
   45 0000005C         
   46 0000005C E7FE    STOP    B                STOP
   47 0000005E 00 00 00000006 
                       num1    DCD              0X06
   48 00000064 00000000 
              00000000         AREA             mycode, DATA, READWRITE
   49 0000006C 00000000 
                       res     DCD              0
   50 00000070                 END
Command Line: --debug --xref --cpu=Cortex-M3 --apcs=interwork --depend=assign3.
d -oassign3.o -IC:\Keil\ARM\RV31\INC -IC:\Keil\ARM\CMSIS\Include -IC:\Keil\ARM\
Inc\NXP\LPC17xx --predefine="__EVAL SETA 1" --list=assign3.lst assign3.asm



ARM Macro Assembler    Page 1 Alphabetic symbol ordering
Relocatable symbols

RESET 00000000

Symbol: RESET
   Definitions
      At line 1 in file assign3.asm
   Uses
      None
Comment: RESET unused
__Vectors 00000000

Symbol: __Vectors
   Definitions
      At line 3 in file assign3.asm
   Uses
      At line 2 in file assign3.asm
Comment: __Vectors used once
2 symbols



ARM Macro Assembler    Page 1 Alphabetic symbol ordering
Relocatable symbols

BACK 0000000E

Symbol: BACK
   Definitions
      At line 18 in file assign3.asm
   Uses
      At line 24 in file assign3.asm
Comment: BACK used once
Reset_Handler 00000000

Symbol: Reset_Handler
   Definitions
      At line 11 in file assign3.asm
   Uses
      At line 5 in file assign3.asm
      At line 9 in file assign3.asm

SKIP 00000044

Symbol: SKIP
   Definitions
      At line 37 in file assign3.asm
   Uses
      At line 32 in file assign3.asm
Comment: SKIP used once
STOP 0000005C

Symbol: STOP
   Definitions
      At line 46 in file assign3.asm
   Uses
      At line 46 in file assign3.asm
Comment: STOP used once
UP 00000024

Symbol: UP
   Definitions
      At line 26 in file assign3.asm
   Uses
      At line 42 in file assign3.asm
Comment: UP used once
mycode 00000000

Symbol: mycode
   Definitions
      At line 7 in file assign3.asm
   Uses
      None
Comment: mycode unused
num1 00000060

Symbol: num1
   Definitions
      At line 47 in file assign3.asm
   Uses
      At line 12 in file assign3.asm
Comment: num1 used once
res 0000006C




ARM Macro Assembler    Page 2 Alphabetic symbol ordering
Relocatable symbols

Symbol: res
   Definitions
      At line 49 in file assign3.asm
   Uses
      At line 13 in file assign3.asm
Comment: res used once
8 symbols
343 symbols in table
