


ARM Macro Assembler    Page 1 


    1 00000000                 AREA             RESET,DATA,READONLY
    2 00000000                 EXPORT           __Vectors
    3 00000000         
    4 00000000         __Vectors
    5 00000000 10001000        DCD              0x10001000
    6 00000004 00000000        DCD              Reset_Handler
    7 00000008         
    8 00000008                 AREA             MYCODE,CODE,READONLY
    9 00000000                 ENTRY
   10 00000000                 EXPORT           Reset_Handler
   11 00000000         
   12 00000000         Reset_Handler
   13 00000000 F8DF 90A0       LDR              R9, =num1
   14 00000004 F8DF A0A0       LDR              R10, =num2
   15 00000008 F8DF B0A0       LDR              R11, =res
   16 0000000C         
   17 0000000C F859 0B04       LDR              R0, [R9],#04
   18 00000010 F85A 1B04       LDR              R1, [R10],#04
   19 00000014 F000 F813       BL               BCDSUB
   20 00000018 F84B 3B04       STR              R3, [R11], #04
   21 0000001C         
   22 0000001C         
   23 0000001C F859 0B04       LDR              R0, [R9],#04
   24 00000020 F85A 1B04       LDR              R1, [R10],#04
   25 00000024 F000 F80B       BL               BCDSUB
   26 00000028 F84B 3B04       STR              R3, [R11], #04
   27 0000002C         
   28 0000002C         
   29 0000002C F839 0B04       LDRH             R0, [R9],#04
   30 00000030 F83A 1B04       LDRH             R1, [R10],#04
   31 00000034 F000 F803       BL               BCDSUB
   32 00000038 F8CB 3000       STR              R3, [R11]
   33 0000003C E025            B                STOP
   34 0000003E         BCDSUB
   35 0000003E F04F 0500       MOV              R5, #00
   36 00000042 F04F 0408       MOV              R4, #08
   37 00000046 F8D9 0000       LDR              R0, [R9]
   38 0000004A F8DA 1000       LDR              R1, [R10]
   39 0000004E         UP
   40 0000004E F000 070F       AND              R7, R0, #0X0F
   41 00000052 F001 080F       AND              R8, R1, #0X0F
   42 00000056 EBA7 0708       SUB              R7, R7, R8
   43 0000005A EBA7 0705       SUB              R7, R5
   44 0000005E F04F 0500       MOV              R5, #00
   45 00000062 2F0A            CMP              R7, #0x0A
   46 00000064 D303            BLO              SKIP
   47 00000066 F207 070A       SUB              R7, #0XFFFFFFF6
   48 0000006A F04F 0501       MOV              R5, #01
   49 0000006E         SKIP
   50 0000006E EA4F 1030       ROR              R0, #04
   51 00000072 EA4F 1131       ROR              R1, #04
   52 00000076 EA43 0307       ORR              R3,  R7
   53 0000007A EA4F 1333       ROR              R3, #04
   54 0000007E         
   55 0000007E F1A4 0401       SUB              R4, #01
   56 00000082 F094 0F00       TEQ              R4, #00
   57 00000086 D1E2            BNE              UP
   58 00000088 4770            BX               LR
   59 0000008A         



ARM Macro Assembler    Page 2 


   60 0000008A E7FE    STOP    B                STOP
   61 0000008C 66666666 
              66666666 
              00006666 num1    DCD              0x66666666, 0x66666666, 0X6666
   62 00000098 12345678 
              12345678 
              00001234 num2    DCD              0X12345678, 0X12345678, 0X1234
   63 000000A4 00000000 
              00000000 
              00000000         AREA             mycode, DATA, READWRITE
   64 00000000 00000000 
              00000000 
              00000000 res     DCD              0, 0, 0
   65 0000000C                 END
Command Line: --debug --xref --cpu=Cortex-M3 --apcs=interwork --depend=assign1.
d -oassign1.o -IC:\Keil\ARM\RV31\INC -IC:\Keil\ARM\CMSIS\Include -IC:\Keil\ARM\
Inc\NXP\LPC17xx --predefine="__EVAL SETA 1" --list=assign1.lst assign1.asm



ARM Macro Assembler    Page 1 Alphabetic symbol ordering
Relocatable symbols

RESET 00000000

Symbol: RESET
   Definitions
      At line 1 in file assign1.asm
   Uses
      None
Comment: RESET unused
__Vectors 00000000

Symbol: __Vectors
   Definitions
      At line 4 in file assign1.asm
   Uses
      At line 2 in file assign1.asm
Comment: __Vectors used once
2 symbols



ARM Macro Assembler    Page 1 Alphabetic symbol ordering
Relocatable symbols

BCDSUB 0000003E

Symbol: BCDSUB
   Definitions
      At line 34 in file assign1.asm
   Uses
      At line 19 in file assign1.asm
      At line 25 in file assign1.asm
      At line 31 in file assign1.asm

MYCODE 00000000

Symbol: MYCODE
   Definitions
      At line 8 in file assign1.asm
   Uses
      None
Comment: MYCODE unused
Reset_Handler 00000000

Symbol: Reset_Handler
   Definitions
      At line 12 in file assign1.asm
   Uses
      At line 6 in file assign1.asm
      At line 10 in file assign1.asm

SKIP 0000006E

Symbol: SKIP
   Definitions
      At line 49 in file assign1.asm
   Uses
      At line 46 in file assign1.asm
Comment: SKIP used once
STOP 0000008A

Symbol: STOP
   Definitions
      At line 60 in file assign1.asm
   Uses
      At line 33 in file assign1.asm
      At line 60 in file assign1.asm

UP 0000004E

Symbol: UP
   Definitions
      At line 39 in file assign1.asm
   Uses
      At line 57 in file assign1.asm
Comment: UP used once
num1 0000008C

Symbol: num1
   Definitions
      At line 61 in file assign1.asm
   Uses
      At line 13 in file assign1.asm



ARM Macro Assembler    Page 2 Alphabetic symbol ordering
Relocatable symbols

Comment: num1 used once
num2 00000098

Symbol: num2
   Definitions
      At line 62 in file assign1.asm
   Uses
      At line 14 in file assign1.asm
Comment: num2 used once
8 symbols



ARM Macro Assembler    Page 1 Alphabetic symbol ordering
Relocatable symbols

mycode 00000000

Symbol: mycode
   Definitions
      At line 63 in file assign1.asm
   Uses
      None
Comment: mycode unused
res 00000000

Symbol: res
   Definitions
      At line 64 in file assign1.asm
   Uses
      At line 15 in file assign1.asm
Comment: res used once
2 symbols
345 symbols in table
