


ARM Macro Assembler    Page 1 


    1 00000000                 AREA             RESET, DATA, READONLY
    2 00000000                 EXPORT           __Vectors
    3 00000000         __Vectors
    4 00000000 10001000        DCD              0X10001000
    5 00000004 00000000        DCD              Reset_Handler
    6 00000008         
    7 00000008                 AREA             mycode, CODE, READONLY
    8 00000000                 ENTRY
    9 00000000                 EXPORT           Reset_Handler
   10 00000000         
   11 00000000         Reset_Handler
   12 00000000 4817            LDR              R0, =num1
   13 00000002 4918            LDR              R1, =num2
   14 00000004 4B18            LDR              R3, =res
   15 00000006 F04F 0A08       MOV              R10, #08
   16 0000000A F04F 0900       MOV              R9, #00
   17 0000000E 6804            LDR              R4, [R0]
   18 00000010 680D            LDR              R5, [R1]
   19 00000012         UP
   20 00000012 F004 060F       AND              R6, R4, #0X0000000F
   21 00000016 F005 070F       AND              R7, R5, #0X0000000F
   22 0000001A EB16 0807       ADDS             R8, R6, R7
   23 0000001E 44C8            ADD              R8, R8, R9
   24 00000020 F04F 0900       MOV              R9, #00
   25 00000024 F1B8 0F09       CMP              R8, #09
   26 00000028 D905            BLS              SKIP
   27 0000002A         
   28 0000002A F108 0806       ADD              R8, #06
   29 0000002E F04F 0901       MOV              R9, #01
   30 00000032 F008 080F       AND              R8, #0X0000000F
   31 00000036         SKIP
   32 00000036 44C3            ADD              R11, R11, R8
   33 00000038 EA4F 1434       ROR              R4, #04
   34 0000003C EA4F 1535       ROR              R5, #04
   35 00000040 EA4F 1B3B       ROR              R11, #04
   36 00000044 F1AA 0A01       SUB              R10, #01
   37 00000048 F09A 0F00       TEQ              R10, #00
   38 0000004C D1E1            BNE              UP
   39 0000004E F843 BB04       STR              R11, [R3],#04
   40 00000052 F8C3 9000       STR              R9, [R3]
   41 00000056         
   42 00000056 E7FE    STOP    B                STOP
   43 00000058 12345678 
                       num1    DCD              0X12345678
   44 0000005C 91111119 
                       num2    DCD              0X91111119
   45 00000060 00000000 
              00000000 
              00000000         AREA             mycode, DATA, READONLY
   46 0000006C 00000000 
                       res     DCD              0
   47 00000070                 END
Command Line: --debug --xref --cpu=Cortex-M3 --apcs=interwork --depend=bcdAddit
ion.d -obcdAddition.o -IC:\Keil\ARM\RV31\INC -IC:\Keil\ARM\CMSIS\Include -IC:\K
eil\ARM\Inc\NXP\LPC17xx --predefine="__EVAL SETA 1" --list=bcdAddition.lst bcdA
ddition.asm



ARM Macro Assembler    Page 1 Alphabetic symbol ordering
Relocatable symbols

RESET 00000000

Symbol: RESET
   Definitions
      At line 1 in file bcdAddition.asm
   Uses
      None
Comment: RESET unused
__Vectors 00000000

Symbol: __Vectors
   Definitions
      At line 3 in file bcdAddition.asm
   Uses
      At line 2 in file bcdAddition.asm
Comment: __Vectors used once
2 symbols



ARM Macro Assembler    Page 1 Alphabetic symbol ordering
Relocatable symbols

Reset_Handler 00000000

Symbol: Reset_Handler
   Definitions
      At line 11 in file bcdAddition.asm
   Uses
      At line 5 in file bcdAddition.asm
      At line 9 in file bcdAddition.asm

SKIP 00000036

Symbol: SKIP
   Definitions
      At line 31 in file bcdAddition.asm
   Uses
      At line 26 in file bcdAddition.asm
Comment: SKIP used once
STOP 00000056

Symbol: STOP
   Definitions
      At line 42 in file bcdAddition.asm
   Uses
      At line 42 in file bcdAddition.asm
Comment: STOP used once
UP 00000012

Symbol: UP
   Definitions
      At line 19 in file bcdAddition.asm
   Uses
      At line 38 in file bcdAddition.asm
Comment: UP used once
mycode 00000000

Symbol: mycode
   Definitions
      At line 7 in file bcdAddition.asm
   Uses
      None
Comment: mycode unused
num1 00000058

Symbol: num1
   Definitions
      At line 43 in file bcdAddition.asm
   Uses
      At line 12 in file bcdAddition.asm
Comment: num1 used once
num2 0000005C

Symbol: num2
   Definitions
      At line 44 in file bcdAddition.asm
   Uses
      At line 13 in file bcdAddition.asm
Comment: num2 used once
res 0000006C




ARM Macro Assembler    Page 2 Alphabetic symbol ordering
Relocatable symbols

Symbol: res
   Definitions
      At line 46 in file bcdAddition.asm
   Uses
      At line 14 in file bcdAddition.asm
Comment: res used once
8 symbols
343 symbols in table
