


ARM Macro Assembler    Page 1 


    1 00000000                 AREA             RESET, DATA, READONLY
    2 00000000                 EXPORT           __Vectors
    3 00000000         
    4 00000000         __Vectors
    5 00000000 10001000        DCD              0X10001000
    6 00000004 00000000        DCD              Reset_Handler
    7 00000008         
    8 00000008                 AREA             mycode, CODE, READONLY
    9 00000000                 ENTRY
   10 00000000                 EXPORT           Reset_Handler
   11 00000000         
   12 00000000         Reset_Handler
   13 00000000 4812            LDR              R0, =arr
   14 00000002 4B13            LDR              R3, =res
   15 00000004 F04F 010A       MOV              R1, #0X0A
   16 00000008         UP
   17 00000008 F850 2B04       LDR              R2, [R0], #4
   18 0000000C 18AD            ADDS             R5, R2
   19 0000000E F144 0400       ADC              R4, #0
   20 00000012 F1A1 0101       SUB              R1, #01
   21 00000016 2900            CMP              R1, #0
   22 00000018 D1F6            BNE              UP
   23 0000001A         
   24 0000001A F843 5B04       STR              R5, [R3], #4
   25 0000001E 601C            STR              R4, [R3]
   26 00000020         
   27 00000020 E7FE    STOP    B                STOP
   28 00000022 00 00 FFFFFFFF 
              FFFFFFFF 
              FFFFFFFF 
              FFFFFFFF 
              FFFFFFFF 
              FFFFFFFF 
              FFFFFFFF 
              FFFFFFFF 
              FFFFFFFF 
              FFFFFFFF arr     DCD              0XFFFFFFFF, 0XFFFFFFFF, 0XFFFFF
FFF, 0XFFFFFFFF, 0XFFFFFFFF, 0XFFFFFFFF, 0XFFFFFFFF,  0XFFFFFFFF, 0XFFFFFFFF, 0
XFFFFFFFF
   29 0000004C 00000000 
              00000000         AREA             mydata, DATA, READWRITE
   30 00000000 00000000 
              00000000 
              00000000 
              00000000 res     DCD              0, 0, 0, 0
   31 00000010                 END
Command Line: --debug --xref --cpu=Cortex-M3 --apcs=interwork --depend=q4.d -oq
4.o -IC:\Keil\ARM\RV31\INC -IC:\Keil\ARM\CMSIS\Include -IC:\Keil\ARM\Inc\NXP\LP
C17xx --predefine="__EVAL SETA 1" --list=q4.lst q4.ASM



ARM Macro Assembler    Page 1 Alphabetic symbol ordering
Relocatable symbols

RESET 00000000

Symbol: RESET
   Definitions
      At line 1 in file q4.ASM
   Uses
      None
Comment: RESET unused
__Vectors 00000000

Symbol: __Vectors
   Definitions
      At line 4 in file q4.ASM
   Uses
      At line 2 in file q4.ASM
Comment: __Vectors used once
2 symbols



ARM Macro Assembler    Page 1 Alphabetic symbol ordering
Relocatable symbols

Reset_Handler 00000000

Symbol: Reset_Handler
   Definitions
      At line 12 in file q4.ASM
   Uses
      At line 6 in file q4.ASM
      At line 10 in file q4.ASM

STOP 00000020

Symbol: STOP
   Definitions
      At line 27 in file q4.ASM
   Uses
      At line 27 in file q4.ASM
Comment: STOP used once
UP 00000008

Symbol: UP
   Definitions
      At line 16 in file q4.ASM
   Uses
      At line 22 in file q4.ASM
Comment: UP used once
arr 00000024

Symbol: arr
   Definitions
      At line 28 in file q4.ASM
   Uses
      At line 13 in file q4.ASM
Comment: arr used once
mycode 00000000

Symbol: mycode
   Definitions
      At line 8 in file q4.ASM
   Uses
      None
Comment: mycode unused
5 symbols



ARM Macro Assembler    Page 1 Alphabetic symbol ordering
Relocatable symbols

mydata 00000000

Symbol: mydata
   Definitions
      At line 29 in file q4.ASM
   Uses
      None
Comment: mydata unused
res 00000000

Symbol: res
   Definitions
      At line 30 in file q4.ASM
   Uses
      At line 14 in file q4.ASM
Comment: res used once
2 symbols
342 symbols in table
