


ARM Macro Assembler    Page 1 


    1 00000000                 AREA             RESET, DATA, READONLY
    2 00000000                 EXPORT           __Vectors
    3 00000000         
    4 00000000         __Vectors
    5 00000000 10001000        DCD              0X10001000
    6 00000004 00000000        DCD              Reset_Handler
    7 00000008         
    8 00000008                 AREA             mycode, CODE, READONLY
    9 00000000                 ENTRY
   10 00000000                 EXPORT           Reset_Handler
   11 00000000         
   12 00000000         Reset_Handler
   13 00000000 4802            LDR              R0, =src
   14 00000002 4903            LDR              R1, =dst
   15 00000004 6803            LDR              R3, [R0]
   16 00000006 600B            STR              R3, [R1]
   17 00000008 E7FE    xyz     B                xyz
   18 0000000A 00 00 00000000 
              00000000         AREA             mydata, DATA, READWRITE
   19 00000000 00000000 
                       dst     DCD              0
   20 00000004 000004D2 
                       src     DCD              1234
   21 00000008         
   22 00000008                 END
Command Line: --debug --xref --cpu=Cortex-M3 --apcs=interwork --depend=q2.d -oq
2.o -IC:\Keil\ARM\RV31\INC -IC:\Keil\ARM\CMSIS\Include -IC:\Keil\ARM\Inc\NXP\LP
C17xx --predefine="__EVAL SETA 1" --list=q2.lst q2.asm



ARM Macro Assembler    Page 1 Alphabetic symbol ordering
Relocatable symbols

RESET 00000000

Symbol: RESET
   Definitions
      At line 1 in file q2.asm
   Uses
      None
Comment: RESET unused
__Vectors 00000000

Symbol: __Vectors
   Definitions
      At line 4 in file q2.asm
   Uses
      At line 2 in file q2.asm
Comment: __Vectors used once
2 symbols



ARM Macro Assembler    Page 1 Alphabetic symbol ordering
Relocatable symbols

Reset_Handler 00000000

Symbol: Reset_Handler
   Definitions
      At line 12 in file q2.asm
   Uses
      At line 6 in file q2.asm
      At line 10 in file q2.asm

mycode 00000000

Symbol: mycode
   Definitions
      At line 8 in file q2.asm
   Uses
      None
Comment: mycode unused
xyz 00000008

Symbol: xyz
   Definitions
      At line 17 in file q2.asm
   Uses
      At line 17 in file q2.asm
Comment: xyz used once
3 symbols



ARM Macro Assembler    Page 1 Alphabetic symbol ordering
Relocatable symbols

dst 00000000

Symbol: dst
   Definitions
      At line 19 in file q2.asm
   Uses
      At line 14 in file q2.asm
Comment: dst used once
mydata 00000000

Symbol: mydata
   Definitions
      At line 18 in file q2.asm
   Uses
      None
Comment: mydata unused
src 00000004

Symbol: src
   Definitions
      At line 20 in file q2.asm
   Uses
      At line 13 in file q2.asm
Comment: src used once
3 symbols
341 symbols in table
